#
# There is insufficient memory for the Java Runtime Environment to continue.
# Native memory allocation (malloc) failed to allocate 1048576 bytes for AllocateHeap
# Possible reasons:
#   The system is out of physical RAM or swap space
#   In 32 bit mode, the process size limit was hit
# Possible solutions:
#   Reduce memory load on the system
#   Increase physical memory or swap space
#   Check if swap backing store is full
#   Use 64 bit Java on a 64 bit OS
#   Decrease Java heap size (-Xmx/-Xms)
#   Decrease number of Java threads
#   Decrease Java thread stack sizes (-Xss)
#   Set larger code cache with -XX:ReservedCodeCacheSize=
# This output file may be truncated or incomplete.
#
#  Out of Memory Error (memory/allocation.inline.hpp:62), pid=1316, tid=4344
#
# JRE version:  (8.0-b132) (build )
# Java VM: Java HotSpot(TM) 64-Bit Server VM (25.0-b70 mixed mode windows-amd64 compressed oops)
# Failed to write core dump. Minidumps are not enabled by default on client versions of Windows
#

---------------  T H R E A D  ---------------

Current thread (0x0000000002280800):  JavaThread "Unknown thread" [_thread_in_vm, id=4344, stack(0x0000000002180000,0x0000000002280000)]

Stack: [0x0000000002180000,0x0000000002280000]
Native frames: (J=compiled Java code, j=interpreted, Vv=VM code, C=native code)
V  [jvm.dll+0x308e0a]
V  [jvm.dll+0x25df11]
V  [jvm.dll+0x25eb2f]
V  [jvm.dll+0x256505]
V  [jvm.dll+0x25555f]
V  [jvm.dll+0x3c734c]
V  [jvm.dll+0x3c2a17]
V  [jvm.dll+0xe2172]
V  [jvm.dll+0x1f1439]
V  [jvm.dll+0x2227e4]
V  [jvm.dll+0x149f91]
C  [java.exe+0x207a]
C  [java.exe+0xc99b]
C  [java.exe+0xca2f]
C  [KERNEL32.DLL+0x18102]
C  [ntdll.dll+0x5c5b4]


---------------  P R O C E S S  ---------------

Java Threads: ( => current thread )

Other Threads:

=>0x0000000002280800 (exited) JavaThread "Unknown thread" [_thread_in_vm, id=4344, stack(0x0000000002180000,0x0000000002280000)]

VM state:not at safepoint (normal execution)

VM Mutex/Monitor currently owned by a thread: None

Heap:
 PSYoungGen      total 1024K, used 20K [0x00000000eab00000, 0x00000000eac80000, 0x0000000100000000)
  eden space 512K, 4% used [0x00000000eab00000,0x00000000eab05288,0x00000000eab80000)
  from space 512K, 0% used [0x00000000eac00000,0x00000000eac00000,0x00000000eac80000)
  to   space 512K, 0% used [0x00000000eab80000,0x00000000eab80000,0x00000000eac00000)
 ParOldGen       total 96768K, used 0K [0x00000000c0000000, 0x00000000c5e80000, 0x00000000eab00000)
  object space 96768K, 0% used [0x00000000c0000000,0x00000000c0000000,0x00000000c5e80000)
 Metaspace       used 673K, capacity 4480K, committed 4480K, reserved 1056768K
  class space    used 66K, capacity 384K, committed 384K, reserved 1048576K

Card table byte_map: [0x0000000011740000,0x0000000011950000] byte_map_base: 0x0000000011140000

Marking Bits: (ParMarkBitMap*) 0x000000005c6b13b0
 Begin Bits: [0x0000000011eb0000, 0x0000000012eb0000)
 End Bits:   [0x0000000012eb0000, 0x0000000013eb0000)

Polling page: 0x0000000000920000

CodeCache: size=245760Kb used=327Kb max_used=327Kb free=245432Kb
 bounds [0x0000000002380000, 0x00000000025f0000, 0x0000000011380000]
 total_blobs=56 nmethods=0 adapters=37
 compilation: enabled

Compilation events (0 events):
No events

GC Heap History (0 events):
No events

Deoptimization events (0 events):
No events

Internal exceptions (0 events):
No events

Events (10 events):
Event: 0.023 loading class java/lang/Short
Event: 0.024 loading class java/lang/Short done
Event: 0.024 loading class java/lang/Integer
Event: 0.024 loading class java/lang/Integer done
Event: 0.024 loading class java/lang/Long
Event: 0.024 loading class java/lang/Long done
Event: 0.025 loading class java/lang/NullPointerException
Event: 0.025 loading class java/lang/NullPointerException done
Event: 0.025 loading class java/lang/ArithmeticException
Event: 0.025 loading class java/lang/ArithmeticException done


Dynamic libraries:
0x00007ff6c18c0000 - 0x00007ff6c18f4000 	C:\Program Files\Java\jdk1.8.0\bin\java.exe
0x00007ffb63f80000 - 0x00007ffb64141000 	C:\Windows\SYSTEM32\ntdll.dll
0x00007ffb63b40000 - 0x00007ffb63bed000 	C:\Windows\system32\KERNEL32.DLL
0x00007ffb61190000 - 0x00007ffb61378000 	C:\Windows\system32\KERNELBASE.dll
0x00007ffb63080000 - 0x00007ffb63127000 	C:\Windows\system32\ADVAPI32.dll
0x00007ffb63aa0000 - 0x00007ffb63b3d000 	C:\Windows\system32\msvcrt.dll
0x00007ffb63bf0000 - 0x00007ffb63c4b000 	C:\Windows\system32\sechost.dll
0x00007ffb63e60000 - 0x00007ffb63f7c000 	C:\Windows\system32\RPCRT4.dll
0x00007ffb631f0000 - 0x00007ffb63346000 	C:\Windows\system32\USER32.dll
0x00007ffb613f0000 - 0x00007ffb61576000 	C:\Windows\system32\GDI32.dll
0x00007ffb53d30000 - 0x00007ffb53fa4000 	C:\Windows\WinSxS\amd64_microsoft.windows.common-controls_6595b64144ccf1df_6.0.10586.0_none_8c15ae12515e1c22\COMCTL32.dll
0x00007ffb62bc0000 - 0x00007ffb62e3d000 	C:\Windows\system32\combase.dll
0x00007ffb61070000 - 0x00007ffb610da000 	C:\Windows\system32\bcryptPrimitives.dll
0x00007ffb63e20000 - 0x00007ffb63e5b000 	C:\Windows\system32\IMM32.DLL
0x000000005b970000 - 0x000000005ba42000 	C:\Program Files\Java\jdk1.8.0\jre\bin\msvcr100.dll
0x000000005bf00000 - 0x000000005c72a000 	C:\Program Files\Java\jdk1.8.0\jre\bin\server\jvm.dll
0x00007ffb613e0000 - 0x00007ffb613e8000 	C:\Windows\system32\PSAPI.DLL
0x00007ffb5d080000 - 0x00007ffb5d089000 	C:\Windows\SYSTEM32\WSOCK32.dll
0x00007ffb5ded0000 - 0x00007ffb5def3000 	C:\Windows\SYSTEM32\WINMM.dll
0x00007ffb638e0000 - 0x00007ffb6394b000 	C:\Windows\system32\WS2_32.dll
0x00007ffb5dea0000 - 0x00007ffb5decc000 	C:\Windows\SYSTEM32\WINMMBASE.dll
0x00007ffb60630000 - 0x00007ffb60673000 	C:\Windows\system32\cfgmgr32.dll
0x000000005bef0000 - 0x000000005beff000 	C:\Program Files\Java\jdk1.8.0\jre\bin\verify.dll
0x000000005bec0000 - 0x000000005bee8000 	C:\Program Files\Java\jdk1.8.0\jre\bin\java.dll
0x000000005bea0000 - 0x000000005beb6000 	C:\Program Files\Java\jdk1.8.0\jre\bin\zip.dll
0x00007ffb4c9c0000 - 0x00007ffb4cb4c000 	C:\Windows\SYSTEM32\dbghelp.dll

VM Arguments:
jvm_args: -Djava.awt.headless=true -Xmx1024M -Dfile.encoding=windows-1252 -Duser.country=US -Duser.language=en -Duser.variant 
java_command: com.android.dx.command.Main --dex --force-jumbo --num-threads=4 --output F:\Projects\SeasonalBuddy6\app\build\intermediates\pre-dexed\debug\main_ff2b05827311bb9605d11d3b43114aede3feecc7.jar F:\Projects\SeasonalBuddy6\app\build\intermediates\transforms\instantRun\debug\folders\1\5\main
java_class_path (initial): E:\Softwares\Programming\androidsdkwindows\build-tools\23.0.2\lib\dx.jar
Launcher Type: SUN_STANDARD

Environment Variables:
PATH=C:\Program Files (x86)\NVIDIA Corporation\PhysX\Common;C:\ProgramData\Oracle\Java\javapath;C:\Program Files\Java\jre1.8.0_45\bin;C:\Program Files (x86)\GtkSharp\2.12\bin;C:\Program Files (x86)\Common Files\lenovo\easyplussdk\bin;C:\Program Files\Java\jdk1.8.0\bin
USERNAME=Roshan
OS=Windows_NT
PROCESSOR_IDENTIFIER=Intel64 Family 6 Model 69 Stepping 1, GenuineIntel



---------------  S Y S T E M  ---------------

OS: Windows 8.1 , 64 bit Build 9600 

CPU:total 4 (2 cores per cpu, 2 threads per core) family 6 model 69 stepping 1, cmov, cx8, fxsr, mmx, sse, sse2, sse3, ssse3, sse4.1, sse4.2, popcnt, avx, avx2, aes, clmul, erms, ht, tsc, tscinvbit

Memory: 4k page, physical 6177132k(797480k free), swap 11370860k(11180k free)

vm_info: Java HotSpot(TM) 64-Bit Server VM (25.0-b70) for windows-amd64 JRE (1.8.0-b132), built on Mar  4 2014 03:46:18 by "java_re" with MS VC++ 10.0 (VS2010)

time: Wed Jun 15 20:08:55 2016
elapsed time: 1 seconds

