#
# There is insufficient memory for the Java Runtime Environment to continue.
# Native memory allocation (malloc) failed to allocate 53488 bytes for Chunk::new
# Possible reasons:
#   The system is out of physical RAM or swap space
#   In 32 bit mode, the process size limit was hit
# Possible solutions:
#   Reduce memory load on the system
#   Increase physical memory or swap space
#   Check if swap backing store is full
#   Use 64 bit Java on a 64 bit OS
#   Decrease Java heap size (-Xmx/-Xms)
#   Decrease number of Java threads
#   Decrease Java thread stack sizes (-Xss)
#   Set larger code cache with -XX:ReservedCodeCacheSize=
# This output file may be truncated or incomplete.
#
#  Out of Memory Error (allocation.cpp:388), pid=9116, tid=8400
#
# JRE version: Java(TM) SE Runtime Environment (8.0-b132) (build 1.8.0-b132)
# Java VM: Java HotSpot(TM) 64-Bit Server VM (25.0-b70 mixed mode windows-amd64 compressed oops)
# Failed to write core dump. Minidumps are not enabled by default on client versions of Windows
#

---------------  T H R E A D  ---------------

Current thread (0x00000000149bd000):  JavaThread "C2 CompilerThread0" daemon [_thread_in_native, id=8400, stack(0x0000000015f10000,0x0000000016010000)]

Stack: [0x0000000015f10000,0x0000000016010000]
Native frames: (J=compiled Java code, j=interpreted, Vv=VM code, C=native code)
V  [jvm.dll+0x308e0a]
V  [jvm.dll+0x25df11]
V  [jvm.dll+0x25eb2f]
V  [jvm.dll+0x256505]
V  [jvm.dll+0xbcff5]
V  [jvm.dll+0xbd48c]
V  [jvm.dll+0xbd734]
V  [jvm.dll+0xd9dc5]
V  [jvm.dll+0x48559c]
V  [jvm.dll+0x48d7ce]
V  [jvm.dll+0x48db13]
V  [jvm.dll+0x48dc7d]
V  [jvm.dll+0x48e3d9]
V  [jvm.dll+0x442095]
V  [jvm.dll+0x44368b]
V  [jvm.dll+0x427552]
V  [jvm.dll+0x96732]
V  [jvm.dll+0x96f23]
V  [jvm.dll+0x2232e4]
V  [jvm.dll+0x27baea]
C  [msvcr100.dll+0x21d9f]
C  [msvcr100.dll+0x21e3b]
C  [KERNEL32.DLL+0x18102]
C  [ntdll.dll+0x5c5b4]


Current CompileTask:
C2:   9447 1425       4       com.android.dx.dex.code.RopToDop::dopFor (792 bytes)


---------------  P R O C E S S  ---------------

Java Threads: ( => current thread )
  0x0000000014a17000 JavaThread "Service Thread" daemon [_thread_blocked, id=5340, stack(0x0000000016210000,0x0000000016310000)]
  0x0000000014a10000 JavaThread "C1 CompilerThread2" daemon [_thread_blocked, id=7220, stack(0x0000000016110000,0x0000000016210000)]
  0x0000000014a0f000 JavaThread "C2 CompilerThread1" daemon [_thread_in_native, id=7412, stack(0x0000000016010000,0x0000000016110000)]
=>0x00000000149bd000 JavaThread "C2 CompilerThread0" daemon [_thread_in_native, id=8400, stack(0x0000000015f10000,0x0000000016010000)]
  0x00000000149ba800 JavaThread "Attach Listener" daemon [_thread_blocked, id=5420, stack(0x0000000015e10000,0x0000000015f10000)]
  0x00000000149b9800 JavaThread "Signal Dispatcher" daemon [_thread_blocked, id=3560, stack(0x0000000015d10000,0x0000000015e10000)]
  0x00000000022de000 JavaThread "Finalizer" daemon [_thread_blocked, id=5000, stack(0x0000000015c10000,0x0000000015d10000)]
  0x00000000022da800 JavaThread "Reference Handler" daemon [_thread_blocked, id=3616, stack(0x0000000015b10000,0x0000000015c10000)]
  0x00000000021f0800 JavaThread "main" [_thread_in_Java, id=3276, stack(0x0000000002020000,0x0000000002120000)]

Other Threads:
  0x0000000014985800 VMThread [stack: 0x0000000015a10000,0x0000000015b10000] [id=7676]
  0x0000000014a1a000 WatcherThread [stack: 0x0000000016310000,0x0000000016410000] [id=4308]

VM state:not at safepoint (normal execution)

VM Mutex/Monitor currently owned by a thread: None

Heap:
 PSYoungGen      total 25600K, used 16885K [0x00000000eab00000, 0x00000000ecb00000, 0x0000000100000000)
  eden space 18432K, 52% used [0x00000000eab00000,0x00000000eb47ead8,0x00000000ebd00000)
  from space 7168K, 99% used [0x00000000ebd00000,0x00000000ec3fecd8,0x00000000ec400000)
  to   space 7168K, 0% used [0x00000000ec400000,0x00000000ec400000,0x00000000ecb00000)
 ParOldGen       total 96768K, used 16437K [0x00000000c0000000, 0x00000000c5e80000, 0x00000000eab00000)
  object space 96768K, 16% used [0x00000000c0000000,0x00000000c100d520,0x00000000c5e80000)
 Metaspace       used 5695K, capacity 6768K, committed 7040K, reserved 1056768K
  class space    used 589K, capacity 616K, committed 640K, reserved 1048576K

Card table byte_map: [0x00000000116b0000,0x00000000118c0000] byte_map_base: 0x00000000110b0000

Marking Bits: (ParMarkBitMap*) 0x000000006a0a13b0
 Begin Bits: [0x0000000011e20000, 0x0000000012e20000)
 End Bits:   [0x0000000012e20000, 0x0000000013e20000)

Polling page: 0x0000000001f40000

CodeCache: size=245760Kb used=5928Kb max_used=5928Kb free=239831Kb
 bounds [0x00000000022f0000, 0x00000000028c0000, 0x00000000112f0000]
 total_blobs=1680 nmethods=1416 adapters=177
 compilation: disabled (not enough contiguous free space left)

Compilation events (10 events):
Event: 9.337 Thread 0x0000000014a10000 1420       1       com.android.dx.rop.code.Insn$BaseVisitor::visitThrowingInsn (1 bytes)
Event: 9.337 Thread 0x0000000014a10000 nmethod 1420 0x000000000287bc10 code [0x000000000287bd60, 0x000000000287be70]
Event: 9.337 Thread 0x0000000014a10000 1421       3       com.android.dx.rop.code.BasicBlockList::forEachInsn (39 bytes)
Event: 9.338 Thread 0x0000000014a10000 nmethod 1421 0x00000000028a54d0 code [0x00000000028a5680, 0x00000000028a5d38]
Event: 9.338 Thread 0x0000000014a0f000 1422       4       com.android.dx.rop.code.InsnList::forEach (28 bytes)
Event: 9.340 Thread 0x00000000149bd000 1423       4       com.android.dx.rop.code.BasicBlockList::preferredSuccessorOf (77 bytes)
Event: 9.342 Thread 0x0000000014a0f000 nmethod 1422 0x000000000289f450 code [0x000000000289f5a0, 0x000000000289f718]
Event: 9.343 Thread 0x0000000014a0f000 1424       4       com.android.dx.dex.code.RopTranslator::outputBlock (202 bytes)
Event: 9.346 Thread 0x00000000149bd000 nmethod 1423 0x00000000028a9bd0 code [0x00000000028a9d60, 0x00000000028aa078]
Event: 9.346 Thread 0x00000000149bd000 1425       4       com.android.dx.dex.code.RopToDop::dopFor (792 bytes)

GC Heap History (10 events):
Event: 3.754 GC heap before
{Heap before GC invocations=9 (full 0):
 PSYoungGen      total 9728K, used 9632K [0x00000000eab00000, 0x00000000eb800000, 0x0000000100000000)
  eden space 7680K, 100% used [0x00000000eab00000,0x00000000eb280000,0x00000000eb280000)
  from space 2048K, 95% used [0x00000000eb500000,0x00000000eb6e8358,0x00000000eb700000)
  to   space 2560K, 0% used [0x00000000eb280000,0x00000000eb280000,0x00000000eb500000)
 ParOldGen       total 96768K, used 2187K [0x00000000c0000000, 0x00000000c5e80000, 0x00000000eab00000)
  object space 96768K, 2% used [0x00000000c0000000,0x00000000c0222de8,0x00000000c5e80000)
 Metaspace       used 5587K, capacity 6704K, committed 6784K, reserved 1056768K
  class space    used 579K, capacity 616K, committed 640K, reserved 1048576K
Event: 3.785 GC heap after
Heap after GC invocations=9 (full 0):
 PSYoungGen      total 10240K, used 2528K [0x00000000eab00000, 0x00000000ebe00000, 0x0000000100000000)
  eden space 7680K, 0% used [0x00000000eab00000,0x00000000eab00000,0x00000000eb280000)
  from space 2560K, 98% used [0x00000000eb280000,0x00000000eb4f8358,0x00000000eb500000)
  to   space 3584K, 0% used [0x00000000eba80000,0x00000000eba80000,0x00000000ebe00000)
 ParOldGen       total 96768K, used 3448K [0x00000000c0000000, 0x00000000c5e80000, 0x00000000eab00000)
  object space 96768K, 3% used [0x00000000c0000000,0x00000000c035e240,0x00000000c5e80000)
 Metaspace       used 5587K, capacity 6704K, committed 6784K, reserved 1056768K
  class space    used 579K, capacity 616K, committed 640K, reserved 1048576K
}
Event: 4.371 GC heap before
{Heap before GC invocations=10 (full 0):
 PSYoungGen      total 10240K, used 10208K [0x00000000eab00000, 0x00000000ebe00000, 0x0000000100000000)
  eden space 7680K, 100% used [0x00000000eab00000,0x00000000eb280000,0x00000000eb280000)
  from space 2560K, 98% used [0x00000000eb280000,0x00000000eb4f8358,0x00000000eb500000)
  to   space 3584K, 0% used [0x00000000eba80000,0x00000000eba80000,0x00000000ebe00000)
 ParOldGen       total 96768K, used 3448K [0x00000000c0000000, 0x00000000c5e80000, 0x00000000eab00000)
  object space 96768K, 3% used [0x00000000c0000000,0x00000000c035e240,0x00000000c5e80000)
 Metaspace       used 5607K, capacity 6704K, committed 6784K, reserved 1056768K
  class space    used 581K, capacity 616K, committed 640K, reserved 1048576K
Event: 4.567 GC heap after
Heap after GC invocations=10 (full 0):
 PSYoungGen      total 14848K, used 3568K [0x00000000eab00000, 0x00000000ec000000, 0x0000000100000000)
  eden space 11264K, 0% used [0x00000000eab00000,0x00000000eab00000,0x00000000eb600000)
  from space 3584K, 99% used [0x00000000eba80000,0x00000000ebdfc3f8,0x00000000ebe00000)
  to   space 4608K, 0% used [0x00000000eb600000,0x00000000eb600000,0x00000000eba80000)
 ParOldGen       total 96768K, used 5555K [0x00000000c0000000, 0x00000000c5e80000, 0x00000000eab00000)
  object space 96768K, 5% used [0x00000000c0000000,0x00000000c056cca0,0x00000000c5e80000)
 Metaspace       used 5607K, capacity 6704K, committed 6784K, reserved 1056768K
  class space    used 581K, capacity 616K, committed 640K, reserved 1048576K
}
Event: 4.872 GC heap before
{Heap before GC invocations=11 (full 0):
 PSYoungGen      total 14848K, used 14832K [0x00000000eab00000, 0x00000000ec000000, 0x0000000100000000)
  eden space 11264K, 100% used [0x00000000eab00000,0x00000000eb600000,0x00000000eb600000)
  from space 3584K, 99% used [0x00000000eba80000,0x00000000ebdfc3f8,0x00000000ebe00000)
  to   space 4608K, 0% used [0x00000000eb600000,0x00000000eb600000,0x00000000eba80000)
 ParOldGen       total 96768K, used 5555K [0x00000000c0000000, 0x00000000c5e80000, 0x00000000eab00000)
  object space 96768K, 5% used [0x00000000c0000000,0x00000000c056cca0,0x00000000c5e80000)
 Metaspace       used 5615K, capacity 6704K, committed 6784K, reserved 1056768K
  class space    used 581K, capacity 616K, committed 640K, reserved 1048576K
Event: 5.017 GC heap after
Heap after GC invocations=11 (full 0):
 PSYoungGen      total 15872K, used 4592K [0x00000000eab00000, 0x00000000ecb00000, 0x0000000100000000)
  eden space 11264K, 0% used [0x00000000eab00000,0x00000000eab00000,0x00000000eb600000)
  from space 4608K, 99% used [0x00000000eb600000,0x00000000eba7c090,0x00000000eba80000)
  to   space 7168K, 0% used [0x00000000ec400000,0x00000000ec400000,0x00000000ecb00000)
 ParOldGen       total 96768K, used 9201K [0x00000000c0000000, 0x00000000c5e80000, 0x00000000eab00000)
  object space 96768K, 9% used [0x00000000c0000000,0x00000000c08fc700,0x00000000c5e80000)
 Metaspace       used 5615K, capacity 6704K, committed 6784K, reserved 1056768K
  class space    used 581K, capacity 616K, committed 640K, reserved 1048576K
}
Event: 6.564 GC heap before
{Heap before GC invocations=12 (full 0):
 PSYoungGen      total 15872K, used 15856K [0x00000000eab00000, 0x00000000ecb00000, 0x0000000100000000)
  eden space 11264K, 100% used [0x00000000eab00000,0x00000000eb600000,0x00000000eb600000)
  from space 4608K, 99% used [0x00000000eb600000,0x00000000eba7c090,0x00000000eba80000)
  to   space 7168K, 0% used [0x00000000ec400000,0x00000000ec400000,0x00000000ecb00000)
 ParOldGen       total 96768K, used 9201K [0x00000000c0000000, 0x00000000c5e80000, 0x00000000eab00000)
  object space 96768K, 9% used [0x00000000c0000000,0x00000000c08fc700,0x00000000c5e80000)
 Metaspace       used 5643K, capacity 6768K, committed 7040K, reserved 1056768K
  class space    used 586K, capacity 616K, committed 640K, reserved 1048576K
Event: 6.589 GC heap after
Heap after GC invocations=12 (full 0):
 PSYoungGen      total 25600K, used 3662K [0x00000000eab00000, 0x00000000ecb00000, 0x0000000100000000)
  eden space 18432K, 0% used [0x00000000eab00000,0x00000000eab00000,0x00000000ebd00000)
  from space 7168K, 51% used [0x00000000ec400000,0x00000000ec793840,0x00000000ecb00000)
  to   space 7168K, 0% used [0x00000000ebd00000,0x00000000ebd00000,0x00000000ec400000)
 ParOldGen       total 96768K, used 13103K [0x00000000c0000000, 0x00000000c5e80000, 0x00000000eab00000)
  object space 96768K, 13% used [0x00000000c0000000,0x00000000c0ccbff8,0x00000000c5e80000)
 Metaspace       used 5643K, capacity 6768K, committed 7040K, reserved 1056768K
  class space    used 586K, capacity 616K, committed 640K, reserved 1048576K
}
Event: 8.044 GC heap before
{Heap before GC invocations=13 (full 0):
 PSYoungGen      total 25600K, used 22094K [0x00000000eab00000, 0x00000000ecb00000, 0x0000000100000000)
  eden space 18432K, 100% used [0x00000000eab00000,0x00000000ebd00000,0x00000000ebd00000)
  from space 7168K, 51% used [0x00000000ec400000,0x00000000ec793840,0x00000000ecb00000)
  to   space 7168K, 0% used [0x00000000ebd00000,0x00000000ebd00000,0x00000000ec400000)
 ParOldGen       total 96768K, used 13103K [0x00000000c0000000, 0x00000000c5e80000, 0x00000000eab00000)
  object space 96768K, 13% used [0x00000000c0000000,0x00000000c0ccbff8,0x00000000c5e80000)
 Metaspace       used 5650K, capacity 6768K, committed 7040K, reserved 1056768K
  class space    used 586K, capacity 616K, committed 640K, reserved 1048576K
Event: 8.875 GC heap after
Heap after GC invocations=13 (full 0):
 PSYoungGen      total 25600K, used 7163K [0x00000000eab00000, 0x00000000ecb00000, 0x0000000100000000)
  eden space 18432K, 0% used [0x00000000eab00000,0x00000000eab00000,0x00000000ebd00000)
  from space 7168K, 99% used [0x00000000ebd00000,0x00000000ec3fecd8,0x00000000ec400000)
  to   space 7168K, 0% used [0x00000000ec400000,0x00000000ec400000,0x00000000ecb00000)
 ParOldGen       total 96768K, used 16437K [0x00000000c0000000, 0x00000000c5e80000, 0x00000000eab00000)
  object space 96768K, 16% used [0x00000000c0000000,0x00000000c100d520,0x00000000c5e80000)
 Metaspace       used 5650K, capacity 6768K, committed 7040K, reserved 1056768K
  class space    used 586K, capacity 616K, committed 640K, reserved 1048576K
}

Deoptimization events (10 events):
Event: 5.157 Thread 0x0000000016692000 Uncommon trap: reason=unreached action=reinterpret pc=0x000000000275a890 method=java.util.HashMap.putVal(ILjava/lang/Object;Ljava/lang/Object;ZZ)Ljava/lang/Object; @ 193
Event: 5.158 Thread 0x0000000016692000 Uncommon trap: reason=class_check action=maybe_recompile pc=0x0000000002682b70 method=com.android.dx.rop.type.Type.equals(Ljava/lang/Object;)Z @ 8
Event: 5.160 Thread 0x0000000016692000 Uncommon trap: reason=class_check action=maybe_recompile pc=0x0000000002682b70 method=com.android.dx.rop.type.Type.equals(Ljava/lang/Object;)Z @ 8
Event: 5.160 Thread 0x0000000016692000 Uncommon trap: reason=class_check action=maybe_recompile pc=0x0000000002682b70 method=com.android.dx.rop.type.Type.equals(Ljava/lang/Object;)Z @ 8
Event: 5.163 Thread 0x0000000016692000 Uncommon trap: reason=unreached action=reinterpret pc=0x0000000002704b48 method=com.android.dx.util.LabeledList.set(ILcom/android/dx/util/LabeledItem;)V @ 16
Event: 5.180 Thread 0x0000000016692000 Uncommon trap: reason=unreached action=reinterpret pc=0x000000000270c340 method=java.util.HashMap.putVal(ILjava/lang/Object;Ljava/lang/Object;ZZ)Ljava/lang/Object; @ 193
Event: 5.916 Thread 0x0000000016692000 Uncommon trap: reason=class_check action=maybe_recompile pc=0x0000000002806550 method=com.android.dx.ssa.NormalSsaInsn.accept(Lcom/android/dx/ssa/SsaInsn$Visitor;)V @ 9
Event: 7.327 Thread 0x0000000016579800 Uncommon trap: reason=class_check action=maybe_recompile pc=0x0000000002806550 method=com.android.dx.ssa.NormalSsaInsn.accept(Lcom/android/dx/ssa/SsaInsn$Visitor;)V @ 9
Event: 7.327 Thread 0x0000000016579800 Uncommon trap: reason=class_check action=maybe_recompile pc=0x0000000002806550 method=com.android.dx.ssa.NormalSsaInsn.accept(Lcom/android/dx/ssa/SsaInsn$Visitor;)V @ 9
Event: 7.335 Thread 0x0000000016579800 Uncommon trap: reason=class_check action=maybe_recompile pc=0x0000000002806550 method=com.android.dx.ssa.NormalSsaInsn.accept(Lcom/android/dx/ssa/SsaInsn$Visitor;)V @ 9

Internal exceptions (10 events):
Event: 2.670 Thread 0x00000000021f0800 Exception <a 'java/security/PrivilegedActionException'> (0x00000000ead04778) thrown at [D:\re\workspace\8-2-build-windows-amd64-cygwin\jdk8\2238\hotspot\src\share\vm\prims\jvm.cpp, line 1248]
Event: 2.672 Thread 0x00000000021f0800 Exception <a 'java/security/PrivilegedActionException'> (0x00000000ead0a140) thrown at [D:\re\workspace\8-2-build-windows-amd64-cygwin\jdk8\2238\hotspot\src\share\vm\prims\jvm.cpp, line 1248]
Event: 2.673 Thread 0x00000000021f0800 Exception <a 'java/security/PrivilegedActionException'> (0x00000000ead0d468) thrown at [D:\re\workspace\8-2-build-windows-amd64-cygwin\jdk8\2238\hotspot\src\share\vm\prims\jvm.cpp, line 1248]
Event: 2.674 Thread 0x00000000021f0800 Exception <a 'java/security/PrivilegedActionException'> (0x00000000ead14790) thrown at [D:\re\workspace\8-2-build-windows-amd64-cygwin\jdk8\2238\hotspot\src\share\vm\prims\jvm.cpp, line 1248]
Event: 2.674 Thread 0x0000000016579800 Exception <a 'java/security/PrivilegedActionException'> (0x00000000eabb7d38) thrown at [D:\re\workspace\8-2-build-windows-amd64-cygwin\jdk8\2238\hotspot\src\share\vm\prims\jvm.cpp, line 1248]
Event: 2.718 Thread 0x0000000016579800 Exception <a 'java/security/PrivilegedActionException'> (0x00000000ead69d28) thrown at [D:\re\workspace\8-2-build-windows-amd64-cygwin\jdk8\2238\hotspot\src\share\vm\prims\jvm.cpp, line 1248]
Event: 4.010 Thread 0x00000000021f0800 Exception <a 'java/security/PrivilegedActionException'> (0x00000000eb08afe8) thrown at [D:\re\workspace\8-2-build-windows-amd64-cygwin\jdk8\2238\hotspot\src\share\vm\prims\jvm.cpp, line 1248]
Event: 5.052 Thread 0x0000000016579800 Exception <a 'java/security/PrivilegedActionException'> (0x00000000eabd70d8) thrown at [D:\re\workspace\8-2-build-windows-amd64-cygwin\jdk8\2238\hotspot\src\share\vm\prims\jvm.cpp, line 1248]
Event: 5.086 Thread 0x0000000016692000 Exception <a 'java/security/PrivilegedActionException'> (0x00000000ead4b418) thrown at [D:\re\workspace\8-2-build-windows-amd64-cygwin\jdk8\2238\hotspot\src\share\vm\prims\jvm.cpp, line 1248]
Event: 5.527 Thread 0x0000000016579800 Exception <a 'java/security/PrivilegedActionException'> (0x00000000eaea6bd0) thrown at [D:\re\workspace\8-2-build-windows-amd64-cygwin\jdk8\2238\hotspot\src\share\vm\prims\jvm.cpp, line 1248]

Events (10 events):
Event: 9.049 Thread 0x0000000016579800 Thread exited: 0x0000000016579800
Event: 9.338 Thread 0x0000000016577000 DEOPT PACKING pc=0x00000000026f8a49 sp=0x0000000016b0ee00
Event: 9.338 Thread 0x0000000016577000 DEOPT UNPACKING pc=0x0000000002337604 sp=0x0000000016b0eaf0 mode 0
Event: 9.355 Thread 0x0000000016576000 Thread exited: 0x0000000016576000
Event: 9.355 loading class java/util/TreeMap$KeySet
Event: 9.356 loading class java/util/NavigableSet
Event: 9.356 loading class java/util/SortedSet
Event: 9.356 loading class java/util/SortedSet done
Event: 9.356 loading class java/util/NavigableSet done
Event: 9.356 loading class java/util/TreeMap$KeySet done


Dynamic libraries:
0x00007ff6700b0000 - 0x00007ff6700e4000 	C:\Program Files\Java\jdk1.8.0\bin\java.exe
0x00007ffd460f0000 - 0x00007ffd462b1000 	C:\Windows\SYSTEM32\ntdll.dll
0x00007ffd43ab0000 - 0x00007ffd43b5d000 	C:\Windows\system32\KERNEL32.DLL
0x00007ffd427f0000 - 0x00007ffd429d8000 	C:\Windows\system32\KERNELBASE.dll
0x00007ffd44450000 - 0x00007ffd444f7000 	C:\Windows\system32\ADVAPI32.dll
0x00007ffd45ce0000 - 0x00007ffd45d7d000 	C:\Windows\system32\msvcrt.dll
0x00007ffd45d80000 - 0x00007ffd45ddb000 	C:\Windows\system32\sechost.dll
0x00007ffd434f0000 - 0x00007ffd4360c000 	C:\Windows\system32\RPCRT4.dll
0x00007ffd45f40000 - 0x00007ffd46096000 	C:\Windows\system32\USER32.dll
0x00007ffd44080000 - 0x00007ffd44206000 	C:\Windows\system32\GDI32.dll
0x00007ffd39f50000 - 0x00007ffd3a1c4000 	C:\Windows\WinSxS\amd64_microsoft.windows.common-controls_6595b64144ccf1df_6.0.10586.0_none_8c15ae12515e1c22\COMCTL32.dll
0x00007ffd44500000 - 0x00007ffd4477d000 	C:\Windows\system32\combase.dll
0x00007ffd42bb0000 - 0x00007ffd42c1a000 	C:\Windows\system32\bcryptPrimitives.dll
0x00007ffd460b0000 - 0x00007ffd460eb000 	C:\Windows\system32\IMM32.DLL
0x00000000692f0000 - 0x00000000693c2000 	C:\Program Files\Java\jdk1.8.0\jre\bin\msvcr100.dll
0x00000000698f0000 - 0x000000006a11a000 	C:\Program Files\Java\jdk1.8.0\jre\bin\server\jvm.dll
0x00007ffd43aa0000 - 0x00007ffd43aa8000 	C:\Windows\system32\PSAPI.DLL
0x00007ffd3f960000 - 0x00007ffd3f969000 	C:\Windows\SYSTEM32\WSOCK32.dll
0x00007ffd443d0000 - 0x00007ffd4443b000 	C:\Windows\system32\WS2_32.dll
0x00007ffd40a50000 - 0x00007ffd40a73000 	C:\Windows\SYSTEM32\WINMM.dll
0x00007ffd40a20000 - 0x00007ffd40a4c000 	C:\Windows\SYSTEM32\WINMMBASE.dll
0x00007ffd427a0000 - 0x00007ffd427e3000 	C:\Windows\system32\cfgmgr32.dll
0x00000000698e0000 - 0x00000000698ef000 	C:\Program Files\Java\jdk1.8.0\jre\bin\verify.dll
0x00000000698b0000 - 0x00000000698d8000 	C:\Program Files\Java\jdk1.8.0\jre\bin\java.dll
0x0000000069890000 - 0x00000000698a6000 	C:\Program Files\Java\jdk1.8.0\jre\bin\zip.dll
0x00007ffd44780000 - 0x00007ffd45cdc000 	C:\Windows\system32\SHELL32.dll
0x00007ffd42e10000 - 0x00007ffd43454000 	C:\Windows\system32\windows.storage.dll
0x00007ffd437d0000 - 0x00007ffd43822000 	C:\Windows\system32\shlwapi.dll
0x00007ffd42770000 - 0x00007ffd4277f000 	C:\Windows\system32\kernel.appcore.dll
0x00007ffd42af0000 - 0x00007ffd42ba5000 	C:\Windows\system32\shcore.dll
0x00007ffd42720000 - 0x00007ffd4276b000 	C:\Windows\system32\powrprof.dll
0x00007ffd42780000 - 0x00007ffd42794000 	C:\Windows\system32\profapi.dll
0x00007ffd23940000 - 0x00007ffd23acc000 	C:\Windows\SYSTEM32\dbghelp.dll

VM Arguments:
jvm_args: -Djava.awt.headless=true -Xmx1024M -Dfile.encoding=windows-1252 -Duser.country=US -Duser.language=en -Duser.variant 
java_command: com.android.dx.command.Main --dex --force-jumbo --num-threads=4 --output F:\Projects\SeasonalBuddy6\app\build\intermediates\pre-dexed\debug\main_ff2b05827311bb9605d11d3b43114aede3feecc7.jar F:\Projects\SeasonalBuddy6\app\build\intermediates\transforms\instantRun\debug\folders\1\5\main
java_class_path (initial): E:\Softwares\Programming\androidsdkwindows\build-tools\23.0.2\lib\dx.jar
Launcher Type: SUN_STANDARD

Environment Variables:
PATH=C:\Program Files (x86)\NVIDIA Corporation\PhysX\Common;C:\ProgramData\Oracle\Java\javapath;C:\Program Files\Java\jre1.8.0_45\bin;C:\Program Files (x86)\GtkSharp\2.12\bin;C:\Program Files (x86)\Common Files\lenovo\easyplussdk\bin;C:\Program Files\Java\jdk1.8.0\bin
USERNAME=Roshan
OS=Windows_NT
PROCESSOR_IDENTIFIER=Intel64 Family 6 Model 69 Stepping 1, GenuineIntel



---------------  S Y S T E M  ---------------

OS: Windows 8.1 , 64 bit Build 9600 

CPU:total 4 (2 cores per cpu, 2 threads per core) family 6 model 69 stepping 1, cmov, cx8, fxsr, mmx, sse, sse2, sse3, ssse3, sse4.1, sse4.2, popcnt, avx, avx2, aes, clmul, erms, ht, tsc, tscinvbit

Memory: 4k page, physical 6177132k(351132k free), swap 11370860k(4468k free)

vm_info: Java HotSpot(TM) 64-Bit Server VM (25.0-b70) for windows-amd64 JRE (1.8.0-b132), built on Mar  4 2014 03:46:18 by "java_re" with MS VC++ 10.0 (VS2010)

time: Sun Jun 12 19:08:55 2016
elapsed time: 9 seconds

